C51 COMPILER V9.60.7.0   MAIN                                                              03/26/2025 19:33:36 PAGE 1   


C51 COMPILER V9.60.7.0, COMPILATION OF MODULE MAIN
OBJECT MODULE PLACED IN main.OBJ
COMPILER INVOKED BY: E:\Facultate\UcProiect\C51\BIN\C51.EXE main.c OPTIMIZE(8,SPEED) BROWSE DEBUG OBJECTEXTEND TABS(2)

line level    source

   1          #include<reg51.h>
   2          #include<stdio.h>
   3          #include<string.h>
   4          #include <stdlib.h>
   5          #include "LCD16x2_4bit.h"
   6          
   7          sbit DHT22=P2^1;    /* Conecteaza senzorul DHT22 la P2.1 */
   8          
   9          unsigned int I_RH, D_RH, I_Temp, D_Temp, CheckSum;
  10          
  11          void timer_delay20ms() {  
  12   1        TMOD = 0x01;
  13   1        TH0 = 0xB8; 
  14   1        TL0 = 0x0C; 
  15   1        TR0 = 1;          
  16   1        while(TF0 == 0);
  17   1        TR0 = 0;          
  18   1        TF0 = 0;          
  19   1      }
  20          
  21          void timer_delay50us() { 
  22   1        TMOD = 0x01;
  23   1        TH0 = 0xFF; 
  24   1        TL0 = 0xF1; 
  25   1        TR0 = 1;          
  26   1        while(TF0 == 0);
  27   1        TR0 = 0;          
  28   1        TF0 = 0;          
  29   1      }
  30          
  31          void Request() {
  32   1        DHT22 = 0;        
  33   1        timer_delay20ms();
  34   1        DHT22 = 1;        
  35   1      }
  36          
  37          void Response() {
  38   1        while(DHT22 == 1);
  39   1        while(DHT22 == 0);
  40   1        while(DHT22 == 1);
  41   1      }
  42          
  43          int Receive_data() {
  44   1        int q, c = 0; 
  45   1        for (q = 0; q < 8; q++) {
  46   2          while(DHT22 == 0);
  47   2          timer_delay50us();
  48   2          if(DHT22 == 1)      
  49   2            c = (c << 1) | (0x01);  
  50   2          else              
  51   2            c = (c << 1);
  52   2          while(DHT22 == 1);
  53   2        }
  54   1        return c;
  55   1      }
C51 COMPILER V9.60.7.0   MAIN                                                              03/26/2025 19:33:36 PAGE 2   

  56          
  57          void main() {
  58   1        char dat[20];
  59   1        float temperature, humidity;
  60   1        LCD_Init();             
  61   1        
  62   1        while(1) {    
  63   2          Request();
  64   2          Response();
  65   2          
  66   2          I_RH = Receive_data();  
  67   2          D_RH = Receive_data();  
  68   2          I_Temp = Receive_data();
  69   2          D_Temp = Receive_data();
  70   2          CheckSum = Receive_data();
  71   2      
  72   2          if ((I_RH + D_RH + I_Temp + D_Temp) != CheckSum) {
  73   3            LCD_String_xy(0,0,"Error");
  74   3          } else {
  75   3            humidity = ((I_RH << 8) | D_RH) / 10.0;
  76   3            temperature = ((I_Temp << 8) | D_Temp) / 10.0;
  77   3            
  78   3            /* DHT22 poate transmite temperaturi negative */
  79   3            if (I_Temp & 0x80) {
  80   4              temperature = -temperature;
  81   4            }
  82   3      
  83   3            sprintf(dat, "H: %.1f%%", humidity);
  84   3            LCD_String_xy(0,0,dat);
  85   3            sprintf(dat, "T: %.1f", temperature);   
  86   3            LCD_String_xy(1,0,dat);
  87   3            LCD_Char(0xDF);
  88   3            LCD_String("C");
  89   3          }   
  90   2          delay(100);
  91   2        } 
  92   1      }


MODULE INFORMATION:   STATIC OVERLAYABLE
   CODE SIZE        =    378    ----
   CONSTANT SIZE    =     26    ----
   XDATA SIZE       =   ----    ----
   PDATA SIZE       =   ----    ----
   DATA SIZE        =     10      28
   IDATA SIZE       =   ----    ----
   BIT SIZE         =   ----    ----
END OF MODULE INFORMATION.


C51 COMPILATION COMPLETE.  0 WARNING(S),  0 ERROR(S)
