
*** Running vivado
    with args -log cnt3b.vds -m64 -product Vivado -mode batch -messageDb vivado.pb -notrace -source cnt3b.tcl


ECHO is off.
ECHO is off.

****** Vivado v2023.2 (64-bit)
  **** SW Build 4029153 on Fri Oct 13 20:14:34 MDT 2023
  **** IP Build 4028589 on Sat Oct 14 00:45:43 MDT 2023
  **** SharedData Build 4025554 on Tue Oct 10 17:18:54 MDT 2023
    ** Copyright 1986-2022 Xilinx, Inc. All Rights Reserved.
    ** Copyright 2022-2023 Advanced Micro Devices, Inc. All Rights Reserved.

source cnt3b.tcl -notrace
create_project: Time (s): cpu = 00:00:15 ; elapsed = 00:00:19 . Memory (MB): peak = 453.594 ; gain = 185.152
Command: synth_design -top cnt3b -part xa7a35tcpg236-1I
Starting synth_design
Attempting to get a license for feature 'Synthesis' and/or device 'xa7a35t'
INFO: [Common 17-349] Got license for feature 'Synthesis' and/or device 'xa7a35t'
INFO: [Synth 8-7079] Multithreading enabled for synth_design using a maximum of 2 processes.
INFO: [Synth 8-7078] Launching helper process for spawning children vivado processes
INFO: [Synth 8-7075] Helper process launched with PID 8972
---------------------------------------------------------------------------------
Starting Synthesize : Time (s): cpu = 00:00:16 ; elapsed = 00:00:18 . Memory (MB): peak = 901.137 ; gain = 443.602
---------------------------------------------------------------------------------
INFO: [Synth 8-638] synthesizing module 'cnt3b' [C:/Users/botaa/ProiectCID/ProiectCID.srcs/sources_1/new/cnt3b.vhd:45]
ERROR: [Synth 8-27] else clause after check for clock not supported [C:/Users/botaa/ProiectCID/ProiectCID.srcs/sources_1/new/cnt3b.vhd:78]
WARNING: [Synth 8-614] signal 'ld' is read in the process but is not in the sensitivity list [C:/Users/botaa/ProiectCID/ProiectCID.srcs/sources_1/new/cnt3b.vhd:51]
ERROR: [Synth 8-285] failed synthesizing module 'cnt3b' [C:/Users/botaa/ProiectCID/ProiectCID.srcs/sources_1/new/cnt3b.vhd:45]
---------------------------------------------------------------------------------
Finished Synthesize : Time (s): cpu = 00:00:20 ; elapsed = 00:00:23 . Memory (MB): peak = 1007.645 ; gain = 550.109
---------------------------------------------------------------------------------
synthesize failed
INFO: [Common 17-83] Releasing license: Synthesis
6 Infos, 1 Warnings, 0 Critical Warnings and 3 Errors encountered.
synth_design failed
ERROR: [Common 17-69] Command failed: Vivado Synthesis failed
INFO: [Common 17-206] Exiting Vivado at Sat Jan  6 20:58:10 2024...
